-------------------------------------------------------------------------------
Test set: com.lwdevelop.backend.BackendApplicationTests
-------------------------------------------------------------------------------
Tests run: 2, Failures: 1, Errors: 0, Skipped: 0, Time elapsed: 7.886 s <<< FAILURE! - in com.lwdevelop.backend.BackendApplicationTests
testPostApi  Time elapsed: 0.221 s  <<< FAILURE!
org.opentest4j.AssertionFailedError: expected: <200> but was: <403>
	at com.lwdevelop.backend.BackendApplicationTests.testPostApi(BackendApplicationTests.java:41)

